Arguments: 
  C:\Program Files\nodejs\node.exe C:\Users\Helen Deuner\AppData\Roaming\npm\node_modules\yarn\bin\yarn.js install

PATH: 
  C:\ProgramData\chocolatey\bin;C:\Program Files\nodejs\;C:\Program Files\Git\cmd;C:\WINDOWS\system32;C:\WINDOWS;C:\WINDOWS\System32\Wbem;C:\WINDOWS\System32\WindowsPowerShell\v1.0\;C:\WINDOWS\System32\OpenSSH\;C:\Program Files\PuTTY\;C:\Users\Helen Deuner\AppData\Local\Programs\Python\Python39-32\Scripts\;C:\Users\Helen Deuner\AppData\Local\Programs\Python\Python39-32\;C:\Users\Helen Deuner\AppData\Local\Microsoft\WindowsApps;C:\Users\Helen Deuner\AppData\Local\atom\bin;C:\Program Files\Java\jdk-11.0.12\bin;C:\Users\Helen Deuner\AppData\Roaming\nvm;C:\Program Files\nodejs;C:\Program Files\Git\bin;C:\Program Files\Git\cmd;C:\Users\Helen Deuner\AppData\Local\GitHubDesktop\bin;C:\Users\Helen Deuner\AppData\Local\Programs\Microsoft VS Code\bin;C:\Users\Helen Deuner\AppData\Roaming\npm;C:\Users\Helen Deuner\AppData\Local\Programs\Hyper\resources\bin;C:\Program Files (x86)\WindowsPowerShell;;C:\Users\Helen Deuner\AppData\Local\Microsoft\WindowsApps

Yarn version: 
  1.22.15

Node version: 
  14.18.0

Platform: 
  win32 x64

Trace: 
  Error: connect ETIMEDOUT 104.16.26.35:443
      at TCPConnectWrap.afterConnect [as oncomplete] (net.js:1159:16)

npm manifest: 
  {
    "name": "weather",
    "version": "1.0.0",
    "main": "node_modules/expo/AppEntry.js",
    "scripts": {
      "start": "expo start",
      "android": "expo start --android",
      "ios": "expo start --ios",
      "web": "expo start --web",
      "eject": "expo eject"
    },
    "dependencies": {
      "expo": "~44.0.0",
      "expo-status-bar": "~1.2.0",
      "react": "17.0.1",
      "react-dom": "17.0.1",
      "react-native": "0.64.3",
      "react-native-web": "0.17.1"
    },
    "devDependencies": {
      "@babel/core": "^7.12.9"
    },
    "private": true
  }

yarn manifest: 
  No manifest

Lockfile: 
  No lockfile
